-------------------------------------------------------------------------------
Test set: TestSuite
-------------------------------------------------------------------------------
Tests run: 4, Failures: 4, Errors: 0, Skipped: 0, Time elapsed: 3.177 sec <<< FAILURE!
feature(Runner.TestRunner)  Time elapsed: 0.461 sec  <<< FAILURE!
cucumber.runtime.CucumberException: java.lang.NullPointerException
	at Reporterutils.ExtentReportListner.captureScreenShot(ExtentReportListner.java:84)
	at StepDefinations.SignInSteps.customer_clicks_on_Hello_Sign_In_button(SignInSteps.java:41)
	at ✽.Given Customer clicks on Hello Sign In button(AmazonLogin.feature:9)

feature(Runner.TestRunner)  Time elapsed: 0.029 sec  <<< FAILURE!
cucumber.runtime.CucumberException: java.lang.NullPointerException
	at Reporterutils.ExtentReportListner.captureScreenShot(ExtentReportListner.java:84)
	at StepDefinations.SignUpSteps.customer_clicks_in_the_signIn_button(SignUpSteps.java:41)
	at ✽.Given Customer clicks in the signIn button(AmazonSignUp.feature:9)

feature(Runner.TestRunner)  Time elapsed: 0.127 sec  <<< FAILURE!
cucumber.runtime.CucumberException: cucumber.runtime.CucumberException: Failed to instantiate class StepDefinations.BooksSteps
	at com.google.common.base.Preconditions.checkNotNull(Preconditions.java:882)
	at org.openqa.selenium.support.ui.FluentWait.<init>(FluentWait.java:105)
	at org.openqa.selenium.support.ui.WebDriverWait.<init>(WebDriverWait.java:72)
	at org.openqa.selenium.support.ui.WebDriverWait.<init>(WebDriverWait.java:46)
	at Actions.BooksAction.<init>(BooksAction.java:15)
	at StepDefinations.BooksSteps.<init>(BooksSteps.java:21)
	at sun.reflect.NativeConstructorAccessorImpl.newInstance0(Native Method)
	at sun.reflect.NativeConstructorAccessorImpl.newInstance(NativeConstructorAccessorImpl.java:62)
	at sun.reflect.DelegatingConstructorAccessorImpl.newInstance(DelegatingConstructorAccessorImpl.java:45)
	at java.lang.reflect.Constructor.newInstance(Constructor.java:423)
	at cucumber.runtime.java.DefaultJavaObjectFactory.cacheNewInstance(DefaultJavaObjectFactory.java:41)
	at cucumber.runtime.java.DefaultJavaObjectFactory.getInstance(DefaultJavaObjectFactory.java:33)
	at cucumber.runtime.java.JavaStepDefinition.execute(JavaStepDefinition.java:38)
	at cucumber.runtime.StepDefinitionMatch.runStep(StepDefinitionMatch.java:37)
	at cucumber.runtime.Runtime.runStep(Runtime.java:300)
	at cucumber.runtime.model.StepContainer.runStep(StepContainer.java:44)
	at cucumber.runtime.model.StepContainer.runSteps(StepContainer.java:39)
	at cucumber.runtime.model.CucumberScenario.run(CucumberScenario.java:44)
	at cucumber.runtime.model.CucumberFeature.run(CucumberFeature.java:165)
	at cucumber.api.testng.TestNGCucumberRunner.runCucumber(TestNGCucumberRunner.java:63)
	at Runner.TestRunner.feature(TestRunner.java:37)

feature(Runner.TestRunner)  Time elapsed: 0.086 sec  <<< FAILURE!
cucumber.runtime.CucumberException: cucumber.runtime.CucumberException: Failed to instantiate class StepDefinations.TelevisionSteps
	at com.google.common.base.Preconditions.checkNotNull(Preconditions.java:882)
	at org.openqa.selenium.support.ui.FluentWait.<init>(FluentWait.java:105)
	at org.openqa.selenium.support.ui.WebDriverWait.<init>(WebDriverWait.java:72)
	at org.openqa.selenium.support.ui.WebDriverWait.<init>(WebDriverWait.java:46)
	at Actions.TelevisionActions.<init>(TelevisionActions.java:15)
	at StepDefinations.TelevisionSteps.<init>(TelevisionSteps.java:22)
	at sun.reflect.NativeConstructorAccessorImpl.newInstance0(Native Method)
	at sun.reflect.NativeConstructorAccessorImpl.newInstance(NativeConstructorAccessorImpl.java:62)
	at sun.reflect.DelegatingConstructorAccessorImpl.newInstance(DelegatingConstructorAccessorImpl.java:45)
	at java.lang.reflect.Constructor.newInstance(Constructor.java:423)
	at cucumber.runtime.java.DefaultJavaObjectFactory.cacheNewInstance(DefaultJavaObjectFactory.java:41)
	at cucumber.runtime.java.DefaultJavaObjectFactory.getInstance(DefaultJavaObjectFactory.java:33)
	at cucumber.runtime.java.JavaStepDefinition.execute(JavaStepDefinition.java:38)
	at cucumber.runtime.StepDefinitionMatch.runStep(StepDefinitionMatch.java:37)
	at cucumber.runtime.Runtime.runStep(Runtime.java:300)
	at cucumber.runtime.model.StepContainer.runStep(StepContainer.java:44)
	at cucumber.runtime.model.StepContainer.runSteps(StepContainer.java:39)
	at cucumber.runtime.model.CucumberScenario.run(CucumberScenario.java:44)
	at cucumber.runtime.model.CucumberFeature.run(CucumberFeature.java:165)
	at cucumber.api.testng.TestNGCucumberRunner.runCucumber(TestNGCucumberRunner.java:63)
	at Runner.TestRunner.feature(TestRunner.java:37)

