<?xml version="1.0" encoding="UTF-8"?>
<testsuite name="TestSuite" time="0.703" tests="4" errors="0" skipped="0" failures="4">
  <properties>
    <property name="java.runtime.name" value="Java(TM) SE Runtime Environment"/>
    <property name="sun.boot.library.path" value="/Library/Java/JavaVirtualMachines/jdk1.8.0_241.jdk/Contents/Home/jre/lib"/>
    <property name="java.vm.version" value="25.241-b07"/>
    <property name="gopherProxySet" value="false"/>
    <property name="java.vm.vendor" value="Oracle Corporation"/>
    <property name="maven.multiModuleProjectDirectory" value="/Users/mdsalahuddin/eclipse-EE/TeamPI"/>
    <property name="java.vendor.url" value="http://java.oracle.com/"/>
    <property name="path.separator" value=":"/>
    <property name="guice.disable.misplaced.annotation.check" value="true"/>
    <property name="java.vm.name" value="Java HotSpot(TM) 64-Bit Server VM"/>
    <property name="file.encoding.pkg" value="sun.io"/>
    <property name="user.country" value="US"/>
    <property name="sun.java.launcher" value="SUN_STANDARD"/>
    <property name="sun.os.patch.level" value="unknown"/>
    <property name="java.vm.specification.name" value="Java Virtual Machine Specification"/>
    <property name="user.dir" value="/Users/mdsalahuddin/eclipse-EE/TeamPI"/>
    <property name="java.runtime.version" value="1.8.0_241-b07"/>
    <property name="java.awt.graphicsenv" value="sun.awt.CGraphicsEnvironment"/>
    <property name="java.endorsed.dirs" value="/Library/Java/JavaVirtualMachines/jdk1.8.0_241.jdk/Contents/Home/jre/lib/endorsed"/>
    <property name="os.arch" value="x86_64"/>
    <property name="java.io.tmpdir" value="/var/folders/_c/x47v58lj51vgxq4143t2shxh0000gn/T/"/>
    <property name="line.separator" value="&#10;"/>
    <property name="java.vm.specification.vendor" value="Oracle Corporation"/>
    <property name="os.name" value="Mac OS X"/>
    <property name="classworlds.conf" value="/Users/mdsalahuddin/eclipse-EE/.metadata/.plugins/org.eclipse.m2e.launching/launches/m2conf17172767169054462500.tmp"/>
    <property name="sun.jnu.encoding" value="UTF-8"/>
    <property name="java.library.path" value="/Users/mdsalahuddin/Library/Java/Extensions:/Library/Java/Extensions:/Network/Library/Java/Extensions:/System/Library/Java/Extensions:/usr/lib/java:."/>
    <property name="java.specification.name" value="Java Platform API Specification"/>
    <property name="java.class.version" value="52.0"/>
    <property name="sun.management.compiler" value="HotSpot 64-Bit Tiered Compilers"/>
    <property name="os.version" value="10.15.3"/>
    <property name="http.nonProxyHosts" value="local|*.local|169.254/16|*.169.254/16"/>
    <property name="user.home" value="/Users/mdsalahuddin"/>
    <property name="user.timezone" value="America/New_York"/>
    <property name="java.awt.printerjob" value="sun.lwawt.macosx.CPrinterJob"/>
    <property name="java.specification.version" value="1.8"/>
    <property name="file.encoding" value="UTF-8"/>
    <property name="user.name" value="mdsalahuddin"/>
    <property name="java.class.path" value="/Users/mdsalahuddin/.p2/pool/plugins/org.eclipse.m2e.maven.runtime_1.14.0.20191209-1923/jars/plexus-classworlds-2.6.0.jar"/>
    <property name="java.vm.specification.version" value="1.8"/>
    <property name="sun.arch.data.model" value="64"/>
    <property name="java.home" value="/Library/Java/JavaVirtualMachines/jdk1.8.0_241.jdk/Contents/Home/jre"/>
    <property name="sun.java.command" value="org.codehaus.plexus.classworlds.launcher.Launcher -B install"/>
    <property name="java.specification.vendor" value="Oracle Corporation"/>
    <property name="user.language" value="en"/>
    <property name="awt.toolkit" value="sun.lwawt.macosx.LWCToolkit"/>
    <property name="java.vm.info" value="mixed mode"/>
    <property name="java.version" value="1.8.0_241"/>
    <property name="java.ext.dirs" value="/Users/mdsalahuddin/Library/Java/Extensions:/Library/Java/JavaVirtualMachines/jdk1.8.0_241.jdk/Contents/Home/jre/lib/ext:/Library/Java/Extensions:/Network/Library/Java/Extensions:/System/Library/Java/Extensions:/usr/lib/java"/>
    <property name="sun.boot.class.path" value="/Library/Java/JavaVirtualMachines/jdk1.8.0_241.jdk/Contents/Home/jre/lib/resources.jar:/Library/Java/JavaVirtualMachines/jdk1.8.0_241.jdk/Contents/Home/jre/lib/rt.jar:/Library/Java/JavaVirtualMachines/jdk1.8.0_241.jdk/Contents/Home/jre/lib/sunrsasign.jar:/Library/Java/JavaVirtualMachines/jdk1.8.0_241.jdk/Contents/Home/jre/lib/jsse.jar:/Library/Java/JavaVirtualMachines/jdk1.8.0_241.jdk/Contents/Home/jre/lib/jce.jar:/Library/Java/JavaVirtualMachines/jdk1.8.0_241.jdk/Contents/Home/jre/lib/charsets.jar:/Library/Java/JavaVirtualMachines/jdk1.8.0_241.jdk/Contents/Home/jre/lib/jfr.jar:/Library/Java/JavaVirtualMachines/jdk1.8.0_241.jdk/Contents/Home/jre/classes"/>
    <property name="java.vendor" value="Oracle Corporation"/>
    <property name="maven.home" value="/Users/mdsalahuddin/eclipse-EE/TeamPI/EMBEDDED"/>
    <property name="file.separator" value="/"/>
    <property name="java.vendor.url.bug" value="http://bugreport.sun.com/bugreport/"/>
    <property name="sun.cpu.endian" value="little"/>
    <property name="sun.io.unicode.encoding" value="UnicodeBig"/>
    <property name="socksNonProxyHosts" value="local|*.local|169.254/16|*.169.254/16"/>
    <property name="ftp.nonProxyHosts" value="local|*.local|169.254/16|*.169.254/16"/>
    <property name="sun.cpu.isalist" value=""/>
  </properties>
  <testcase name="feature" classname="Runner.TestRunner" time="0.461">
    <failure message="java.lang.NullPointerException" type="cucumber.runtime.CucumberException">cucumber.runtime.CucumberException: java.lang.NullPointerException
	at Reporterutils.ExtentReportListner.captureScreenShot(ExtentReportListner.java:84)
	at StepDefinations.SignInSteps.customer_clicks_on_Hello_Sign_In_button(SignInSteps.java:41)
	at ✽.Given Customer clicks on Hello Sign In button(AmazonLogin.feature:9)
</failure>
    <system-out><![CDATA[[TestNGContentHandler] [WARN] It is strongly recommended to add "<!DOCTYPE suite SYSTEM "https://testng.org/testng-1.0.dtd" >" at the top of your file, otherwise TestNG may fail or not work as expected.
On start...
Extent Report Location Initialized..
System Info.set in Extent Report
On Test Start
Feature: SignIn to Amazon.com
  As a QE I want to automate signIn module as a customer

  Background: User is on amazon homepage &amp#27;[90m# AmazonLogin.feature:5&amp#27;[0m

  Scenario: Registered Customer Sign In with valid credentials &amp#27;[90m# AmazonLogin.feature:8&amp#27;[0m
    &amp#27;[31mGiven &amp#27;[0m&amp#27;[31mCustomer clicks on Hello Sign In button&amp#27;[0m              &amp#27;[90m# SignInSteps.customer_clicks_on_Hello_Sign_In_button()&amp#27;[0m
      &amp#27;[31mjava.lang.NullPointerException
      	at Reporterutils.ExtentReportListner.captureScreenShot(ExtentReportListner.java:84)
      	at StepDefinations.SignInSteps.customer_clicks_on_Hello_Sign_In_button(SignInSteps.java:41)
      	at ✽.Given Customer clicks on Hello Sign In button(AmazonLogin.feature:9)
      &amp#27;[0m
    &amp#27;[36mAnd &amp#27;[0m&amp#27;[36mCustomer enters username&amp#27;[0m                               &amp#27;[90m# SignInSteps.customer_enters_username()&amp#27;[0m
    &amp#27;[36mWhen &amp#27;[0m&amp#27;[36mCustomer see continue button&amp#27;[0m                          &amp#27;[90m# SignInSteps.customer_see_continue_button()&amp#27;[0m
    &amp#27;[36mAnd &amp#27;[0m&amp#27;[36mCustomer click continue button&amp#27;[0m                         &amp#27;[90m# SignInSteps.customer_click_continue_button()&amp#27;[0m
    &amp#27;[36mAnd &amp#27;[0m&amp#27;[36mCustomer enters password&amp#27;[0m                               &amp#27;[90m# SignInSteps.customer_enters_password()&amp#27;[0m
    &amp#27;[36mAnd &amp#27;[0m&amp#27;[36mCustomer clicks signIn button&amp#27;[0m                          &amp#27;[90m# SignInSteps.customer_clicks_signIn_button()&amp#27;[0m
    &amp#27;[36mThen &amp#27;[0m&amp#27;[36mCustomer lands on account homepage&amp#27;[0m                    &amp#27;[90m# SignInSteps.customer_lands_on_account_homepage()&amp#27;[0m
FAIL
]]></system-out>
  </testcase>
  <testcase name="feature" classname="Runner.TestRunner" time="0.029">
    <failure message="java.lang.NullPointerException" type="cucumber.runtime.CucumberException">cucumber.runtime.CucumberException: java.lang.NullPointerException
	at Reporterutils.ExtentReportListner.captureScreenShot(ExtentReportListner.java:84)
	at StepDefinations.SignUpSteps.customer_clicks_in_the_signIn_button(SignUpSteps.java:41)
	at ✽.Given Customer clicks in the signIn button(AmazonSignUp.feature:9)
</failure>
    <system-out><![CDATA[On Test Start
Feature: Sign Up into Amazon.com
  Aa QE I want to automate creating account as a unregistered customer

  Background: Customer is on Amazon Homepage &amp#27;[90m# AmazonSignUp.feature:5&amp#27;[0m

  Scenario: Customer wants to create an account with valid data &amp#27;[90m# AmazonSignUp.feature:8&amp#27;[0m
    &amp#27;[31mGiven &amp#27;[0m&amp#27;[31mCustomer clicks in the signIn button&amp#27;[0m                  &amp#27;[90m# SignUpSteps.customer_clicks_in_the_signIn_button()&amp#27;[0m
      &amp#27;[31mjava.lang.NullPointerException
      	at Reporterutils.ExtentReportListner.captureScreenShot(ExtentReportListner.java:84)
      	at StepDefinations.SignUpSteps.customer_clicks_in_the_signIn_button(SignUpSteps.java:41)
      	at ✽.Given Customer clicks in the signIn button(AmazonSignUp.feature:9)
      &amp#27;[0m
    &amp#27;[36mAnd &amp#27;[0m&amp#27;[36mCustomer clicks on create an account&amp#27;[0m                    &amp#27;[90m# SignUpSteps.customer_clicks_on_create_an_account()&amp#27;[0m
    &amp#27;[36mWhen &amp#27;[0m&amp#27;[36mCustoemer lands in account creating page&amp#27;[0m               &amp#27;[90m# SignUpSteps.custoemer_lands_in_account_creating_page()&amp#27;[0m
    &amp#27;[36mAnd &amp#27;[0m&amp#27;[36mCustomer Enters name&amp#27;[0m                                    &amp#27;[90m# SignUpSteps.customer_Enters_name()&amp#27;[0m
    &amp#27;[36mAnd &amp#27;[0m&amp#27;[36mCustomer Enters email&amp#27;[0m                                   &amp#27;[90m# SignUpSteps.customer_Enters_email()&amp#27;[0m
    &amp#27;[36mAnd &amp#27;[0m&amp#27;[36mCustomer Enters password&amp#27;[0m                                &amp#27;[90m# SignUpSteps.customer_Enters_password()&amp#27;[0m
    &amp#27;[36mAnd &amp#27;[0m&amp#27;[36mCustomer Check password&amp#27;[0m                                 &amp#27;[90m# SignUpSteps.customer_Check_password()&amp#27;[0m
    &amp#27;[36mThen &amp#27;[0m&amp#27;[36mCustomer clicks on Submit button&amp#27;[0m                       &amp#27;[90m# SignUpSteps.customer_clicks_on_Submit_button()&amp#27;[0m
FAIL
]]></system-out>
  </testcase>
  <testcase name="feature" classname="Runner.TestRunner" time="0.127">
    <failure message="cucumber.runtime.CucumberException: Failed to instantiate class StepDefinations.BooksSteps" type="cucumber.runtime.CucumberException"><![CDATA[cucumber.runtime.CucumberException: cucumber.runtime.CucumberException: Failed to instantiate class StepDefinations.BooksSteps
	at com.google.common.base.Preconditions.checkNotNull(Preconditions.java:882)
	at org.openqa.selenium.support.ui.FluentWait.<init>(FluentWait.java:105)
	at org.openqa.selenium.support.ui.WebDriverWait.<init>(WebDriverWait.java:72)
	at org.openqa.selenium.support.ui.WebDriverWait.<init>(WebDriverWait.java:46)
	at Actions.BooksAction.<init>(BooksAction.java:15)
	at StepDefinations.BooksSteps.<init>(BooksSteps.java:21)
	at sun.reflect.NativeConstructorAccessorImpl.newInstance0(Native Method)
	at sun.reflect.NativeConstructorAccessorImpl.newInstance(NativeConstructorAccessorImpl.java:62)
	at sun.reflect.DelegatingConstructorAccessorImpl.newInstance(DelegatingConstructorAccessorImpl.java:45)
	at java.lang.reflect.Constructor.newInstance(Constructor.java:423)
	at cucumber.runtime.java.DefaultJavaObjectFactory.cacheNewInstance(DefaultJavaObjectFactory.java:41)
	at cucumber.runtime.java.DefaultJavaObjectFactory.getInstance(DefaultJavaObjectFactory.java:33)
	at cucumber.runtime.java.JavaStepDefinition.execute(JavaStepDefinition.java:38)
	at cucumber.runtime.StepDefinitionMatch.runStep(StepDefinitionMatch.java:37)
	at cucumber.runtime.Runtime.runStep(Runtime.java:300)
	at cucumber.runtime.model.StepContainer.runStep(StepContainer.java:44)
	at cucumber.runtime.model.StepContainer.runSteps(StepContainer.java:39)
	at cucumber.runtime.model.CucumberScenario.run(CucumberScenario.java:44)
	at cucumber.runtime.model.CucumberFeature.run(CucumberFeature.java:165)
	at cucumber.api.testng.TestNGCucumberRunner.runCucumber(TestNGCucumberRunner.java:63)
	at Runner.TestRunner.feature(TestRunner.java:37)
]]></failure>
    <system-out><![CDATA[On Test Start
Feature: Book Shopping from amazon
  As a QE I want to automate book shopping funtionalities by searching the item

  Background: Customer is on the homepage &amp#27;[90m# Books.feature:5&amp#27;[0m

  Scenario: Customer wants to order picture book for toddler         &amp#27;[90m# Books.feature:7&amp#27;[0m
    &amp#27;[31mGiven &amp#27;[0m&amp#27;[31mCustomer enters item name in the search box&amp#27;[0m                &amp#27;[90m# BooksSteps.customer_enters_item_name_in_the_search_box()&amp#27;[0m
      &amp#27;[31mcucumber.runtime.CucumberException: Failed to instantiate class StepDefinations.BooksSteps
      	at cucumber.runtime.java.DefaultJavaObjectFactory.cacheNewInstance(DefaultJavaObjectFactory.java:47)
      	at cucumber.runtime.java.DefaultJavaObjectFactory.getInstance(DefaultJavaObjectFactory.java:33)
      	at cucumber.runtime.java.JavaStepDefinition.execute(JavaStepDefinition.java:38)
      	at cucumber.runtime.StepDefinitionMatch.runStep(StepDefinitionMatch.java:37)
      	at cucumber.runtime.Runtime.runStep(Runtime.java:300)
      	at cucumber.runtime.model.StepContainer.runStep(StepContainer.java:44)
      	at cucumber.runtime.model.StepContainer.runSteps(StepContainer.java:39)
      	at cucumber.runtime.model.CucumberScenario.run(CucumberScenario.java:44)
      	at cucumber.runtime.model.CucumberFeature.run(CucumberFeature.java:165)
      	at cucumber.api.testng.TestNGCucumberRunner.runCucumber(TestNGCucumberRunner.java:63)
      	at Runner.TestRunner.feature(TestRunner.java:37)
      	at sun.reflect.NativeMethodAccessorImpl.invoke0(Native Method)
      	at sun.reflect.NativeMethodAccessorImpl.invoke(NativeMethodAccessorImpl.java:62)
      	at sun.reflect.DelegatingMethodAccessorImpl.invoke(DelegatingMethodAccessorImpl.java:43)
      	at java.lang.reflect.Method.invoke(Method.java:498)
      	at org.testng.internal.MethodInvocationHelper.invokeMethod(MethodInvocationHelper.java:133)
      	at org.testng.internal.TestInvoker.invokeMethod(TestInvoker.java:584)
      	at org.testng.internal.TestInvoker.invokeTestMethod(TestInvoker.java:172)
      	at org.testng.internal.MethodRunner.runInSequence(MethodRunner.java:46)
      	at org.testng.internal.TestInvoker$MethodInvocationAgent.invoke(TestInvoker.java:804)
      	at org.testng.internal.TestInvoker.invokeTestMethods(TestInvoker.java:145)
      	at org.testng.internal.TestMethodWorker.invokeTestMethods(TestMethodWorker.java:146)
      	at org.testng.internal.TestMethodWorker.run(TestMethodWorker.java:128)
      	at java.util.ArrayList.forEach(ArrayList.java:1257)
      	at org.testng.TestRunner.privateRun(TestRunner.java:770)
      	at org.testng.TestRunner.run(TestRunner.java:591)
      	at org.testng.SuiteRunner.runTest(SuiteRunner.java:402)
      	at org.testng.SuiteRunner.access$000(SuiteRunner.java:41)
      	at org.testng.SuiteRunner$SuiteWorker.run(SuiteRunner.java:443)
      	at org.testng.internal.thread.ThreadUtil.lambda$execute$0(ThreadUtil.java:67)
      	at java.util.concurrent.FutureTask.run(FutureTask.java:266)
      	at java.util.concurrent.ThreadPoolExecutor.runWorker(ThreadPoolExecutor.java:1149)
      	at java.util.concurrent.ThreadPoolExecutor$Worker.run(ThreadPoolExecutor.java:624)
      	at java.lang.Thread.run(Thread.java:748)
      Caused by: java.lang.reflect.InvocationTargetException
      	at sun.reflect.NativeConstructorAccessorImpl.newInstance0(Native Method)
      	at sun.reflect.NativeConstructorAccessorImpl.newInstance(NativeConstructorAccessorImpl.java:62)
      	at sun.reflect.DelegatingConstructorAccessorImpl.newInstance(DelegatingConstructorAccessorImpl.java:45)
      	at java.lang.reflect.Constructor.newInstance(Constructor.java:423)
      	at cucumber.runtime.java.DefaultJavaObjectFactory.cacheNewInstance(DefaultJavaObjectFactory.java:41)
      	... 33 more
      Caused by: java.lang.NullPointerException
      	at com.google.common.base.Preconditions.checkNotNull(Preconditions.java:882)
      	at org.openqa.selenium.support.ui.FluentWait.<init>(FluentWait.java:105)
      	at org.openqa.selenium.support.ui.WebDriverWait.<init>(WebDriverWait.java:72)
      	at org.openqa.selenium.support.ui.WebDriverWait.<init>(WebDriverWait.java:46)
      	at Actions.BooksAction.<init>(BooksAction.java:15)
      	at StepDefinations.BooksSteps.<init>(BooksSteps.java:21)
      	... 38 more
      &amp#27;[0m
    &amp#27;[36mWhen &amp#27;[0m&amp#27;[36mCustomer clicks on search icon&amp#27;[0m                              &amp#27;[90m# BooksSteps.customer_clicks_on_search_icon()&amp#27;[0m
    &amp#27;[36mThen &amp#27;[0m&amp#27;[36mCustomer lands on toddler book page&amp#27;[0m                         &amp#27;[90m# BooksSteps.customer_lands_on_toddler_book_page()&amp#27;[0m
    &amp#27;[36mAnd &amp#27;[0m&amp#27;[36mCustomer clicks in the sort option&amp#27;[0m                           &amp#27;[90m# BooksSteps.customer_clicks_in_the_sort_option()&amp#27;[0m
    &amp#27;[36mAnd &amp#27;[0m&amp#27;[36mCustomer selects high to low option&amp#27;[0m                          &amp#27;[90m# BooksSteps.customer_selects_high_to_low_option()&amp#27;[0m
    &amp#27;[36mThen &amp#27;[0m&amp#27;[36mCustomer selects prime options&amp#27;[0m                              &amp#27;[90m# BooksSteps.customer_selects_prime_options()&amp#27;[0m
    &amp#27;[36mAnd &amp#27;[0m&amp#27;[36mCustomer selects picture book from the filter option&amp#27;[0m         &amp#27;[90m# BooksSteps.customer_selects_picture_book_from_the_filter_option()&amp#27;[0m
    &amp#27;[36mAnd &amp#27;[0m&amp#27;[36mCustomer selects my first reader from the next filter option&amp#27;[0m &amp#27;[90m# BooksSteps.customer_selects_my_first_reader_from_the_next_filter_option()&amp#27;[0m
    &amp#27;[36mAnd &amp#27;[0m&amp#27;[36mCustomer clicks in th polar bear picture book&amp#27;[0m                &amp#27;[90m# BooksSteps.customer_clicks_in_th_polar_bear_picture_book()&amp#27;[0m
    &amp#27;[36mThen &amp#27;[0m&amp#27;[36mCustomer lands on Item page&amp#27;[0m                                 &amp#27;[90m# BooksSteps.customer_lands_on_Item_page()&amp#27;[0m
    &amp#27;[36mAnd &amp#27;[0m&amp#27;[36mCustomer clicks the quantity button&amp#27;[0m                          &amp#27;[90m# BooksSteps.customer_clicks_the_quantity_button()&amp#27;[0m
    &amp#27;[36mAnd &amp#27;[0m&amp#27;[36mCustomer selects the quantity of the item&amp#27;[0m                    &amp#27;[90m# BooksSteps.customer_selects_the_quantity_of_the_item()&amp#27;[0m
    &amp#27;[36mAnd &amp#27;[0m&amp#27;[36mCustomer clicks on add to cart&amp#27;[0m                               &amp#27;[90m# BooksSteps.customer_clicks_on_add_to_cart()&amp#27;[0m
    &amp#27;[36mThen &amp#27;[0m&amp#27;[36mCustomer lands on the check out option page&amp#27;[0m                 &amp#27;[90m# BooksSteps.customer_lands_on_the_check_out_option_page()&amp#27;[0m
FAIL
]]></system-out>
  </testcase>
  <testcase name="feature" classname="Runner.TestRunner" time="0.086">
    <failure message="cucumber.runtime.CucumberException: Failed to instantiate class StepDefinations.TelevisionSteps" type="cucumber.runtime.CucumberException"><![CDATA[cucumber.runtime.CucumberException: cucumber.runtime.CucumberException: Failed to instantiate class StepDefinations.TelevisionSteps
	at com.google.common.base.Preconditions.checkNotNull(Preconditions.java:882)
	at org.openqa.selenium.support.ui.FluentWait.<init>(FluentWait.java:105)
	at org.openqa.selenium.support.ui.WebDriverWait.<init>(WebDriverWait.java:72)
	at org.openqa.selenium.support.ui.WebDriverWait.<init>(WebDriverWait.java:46)
	at Actions.TelevisionActions.<init>(TelevisionActions.java:15)
	at StepDefinations.TelevisionSteps.<init>(TelevisionSteps.java:22)
	at sun.reflect.NativeConstructorAccessorImpl.newInstance0(Native Method)
	at sun.reflect.NativeConstructorAccessorImpl.newInstance(NativeConstructorAccessorImpl.java:62)
	at sun.reflect.DelegatingConstructorAccessorImpl.newInstance(DelegatingConstructorAccessorImpl.java:45)
	at java.lang.reflect.Constructor.newInstance(Constructor.java:423)
	at cucumber.runtime.java.DefaultJavaObjectFactory.cacheNewInstance(DefaultJavaObjectFactory.java:41)
	at cucumber.runtime.java.DefaultJavaObjectFactory.getInstance(DefaultJavaObjectFactory.java:33)
	at cucumber.runtime.java.JavaStepDefinition.execute(JavaStepDefinition.java:38)
	at cucumber.runtime.StepDefinitionMatch.runStep(StepDefinitionMatch.java:37)
	at cucumber.runtime.Runtime.runStep(Runtime.java:300)
	at cucumber.runtime.model.StepContainer.runStep(StepContainer.java:44)
	at cucumber.runtime.model.StepContainer.runSteps(StepContainer.java:39)
	at cucumber.runtime.model.CucumberScenario.run(CucumberScenario.java:44)
	at cucumber.runtime.model.CucumberFeature.run(CucumberFeature.java:165)
	at cucumber.api.testng.TestNGCucumberRunner.runCucumber(TestNGCucumberRunner.java:63)
	at Runner.TestRunner.feature(TestRunner.java:37)
]]></failure>
    <system-out><![CDATA[On Test Start
Feature: Electronics shopping
  I want to automate buying electronics item as a customer

  Background: User is on amazon homepage &amp#27;[90m# Electronics.feature:5&amp#27;[0m

  Scenario: Customer purchase TV using different filtering options &amp#27;[90m# Electronics.feature:7&amp#27;[0m
    &amp#27;[31mGiven &amp#27;[0m&amp#27;[31mCustomer clicks on ham burgur icon&amp#27;[0m                       &amp#27;[90m# TelevisionSteps.customer_clicks_on_ham_burgur_icon()&amp#27;[0m
      &amp#27;[31mcucumber.runtime.CucumberException: Failed to instantiate class StepDefinations.TelevisionSteps
      	at cucumber.runtime.java.DefaultJavaObjectFactory.cacheNewInstance(DefaultJavaObjectFactory.java:47)
      	at cucumber.runtime.java.DefaultJavaObjectFactory.getInstance(DefaultJavaObjectFactory.java:33)
      	at cucumber.runtime.java.JavaStepDefinition.execute(JavaStepDefinition.java:38)
      	at cucumber.runtime.StepDefinitionMatch.runStep(StepDefinitionMatch.java:37)
      	at cucumber.runtime.Runtime.runStep(Runtime.java:300)
      	at cucumber.runtime.model.StepContainer.runStep(StepContainer.java:44)
      	at cucumber.runtime.model.StepContainer.runSteps(StepContainer.java:39)
      	at cucumber.runtime.model.CucumberScenario.run(CucumberScenario.java:44)
      	at cucumber.runtime.model.CucumberFeature.run(CucumberFeature.java:165)
      	at cucumber.api.testng.TestNGCucumberRunner.runCucumber(TestNGCucumberRunner.java:63)
      	at Runner.TestRunner.feature(TestRunner.java:37)
      	at sun.reflect.NativeMethodAccessorImpl.invoke0(Native Method)
      	at sun.reflect.NativeMethodAccessorImpl.invoke(NativeMethodAccessorImpl.java:62)
      	at sun.reflect.DelegatingMethodAccessorImpl.invoke(DelegatingMethodAccessorImpl.java:43)
      	at java.lang.reflect.Method.invoke(Method.java:498)
      	at org.testng.internal.MethodInvocationHelper.invokeMethod(MethodInvocationHelper.java:133)
      	at org.testng.internal.TestInvoker.invokeMethod(TestInvoker.java:584)
      	at org.testng.internal.TestInvoker.invokeTestMethod(TestInvoker.java:172)
      	at org.testng.internal.MethodRunner.runInSequence(MethodRunner.java:46)
      	at org.testng.internal.TestInvoker$MethodInvocationAgent.invoke(TestInvoker.java:804)
      	at org.testng.internal.TestInvoker.invokeTestMethods(TestInvoker.java:145)
      	at org.testng.internal.TestMethodWorker.invokeTestMethods(TestMethodWorker.java:146)
      	at org.testng.internal.TestMethodWorker.run(TestMethodWorker.java:128)
      	at java.util.ArrayList.forEach(ArrayList.java:1257)
      	at org.testng.TestRunner.privateRun(TestRunner.java:770)
      	at org.testng.TestRunner.run(TestRunner.java:591)
      	at org.testng.SuiteRunner.runTest(SuiteRunner.java:402)
      	at org.testng.SuiteRunner.access$000(SuiteRunner.java:41)
      	at org.testng.SuiteRunner$SuiteWorker.run(SuiteRunner.java:443)
      	at org.testng.internal.thread.ThreadUtil.lambda$execute$0(ThreadUtil.java:67)
      	at java.util.concurrent.FutureTask.run(FutureTask.java:266)
      	at java.util.concurrent.ThreadPoolExecutor.runWorker(ThreadPoolExecutor.java:1149)
      	at java.util.concurrent.ThreadPoolExecutor$Worker.run(ThreadPoolExecutor.java:624)
      	at java.lang.Thread.run(Thread.java:748)
      Caused by: java.lang.reflect.InvocationTargetException
      	at sun.reflect.NativeConstructorAccessorImpl.newInstance0(Native Method)
      	at sun.reflect.NativeConstructorAccessorImpl.newInstance(NativeConstructorAccessorImpl.java:62)
      	at sun.reflect.DelegatingConstructorAccessorImpl.newInstance(DelegatingConstructorAccessorImpl.java:45)
      	at java.lang.reflect.Constructor.newInstance(Constructor.java:423)
      	at cucumber.runtime.java.DefaultJavaObjectFactory.cacheNewInstance(DefaultJavaObjectFactory.java:41)
      	... 33 more
      Caused by: java.lang.NullPointerException
      	at com.google.common.base.Preconditions.checkNotNull(Preconditions.java:882)
      	at org.openqa.selenium.support.ui.FluentWait.<init>(FluentWait.java:105)
      	at org.openqa.selenium.support.ui.WebDriverWait.<init>(WebDriverWait.java:72)
      	at org.openqa.selenium.support.ui.WebDriverWait.<init>(WebDriverWait.java:46)
      	at Actions.TelevisionActions.<init>(TelevisionActions.java:15)
      	at StepDefinations.TelevisionSteps.<init>(TelevisionSteps.java:22)
      	... 38 more
      &amp#27;[0m
    &amp#27;[36mAnd &amp#27;[0m&amp#27;[36mCustomer selects electronics from drop down&amp#27;[0m                &amp#27;[90m# TelevisionSteps.customer_selects_electronics_from_drop_down()&amp#27;[0m
    &amp#27;[36mWhen &amp#27;[0m&amp#27;[36mCustomer clicks TV & Video from next drop down&amp#27;[0m            &amp#27;[90m# TelevisionSteps.customer_clicks_TV_Video_from_next_drop_down()&amp#27;[0m
    &amp#27;[36mAnd &amp#27;[0m&amp#27;[36mCustomer clicks &amp#27;[0m&amp#27;[36m&amp#27;[1m2020&amp#27;[0m&amp#27;[36m model from filtering option&amp#27;[0m           &amp#27;[90m# TelevisionSteps.customer_clicks_model_from_filtering_option(int)&amp#27;[0m
    &amp#27;[36mAnd &amp#27;[0m&amp#27;[36mCustomer clicks SAMSUNG Brand from filtering option&amp#27;[0m        &amp#27;[90m# TelevisionSteps.customer_clicks_SAMSUNG_Brand_from_filtering_option()&amp#27;[0m
    &amp#27;[36mThen &amp#27;[0m&amp#27;[36mCustomer lands on Samsung brand listing page&amp#27;[0m              &amp#27;[90m# TelevisionSteps.customer_lands_on_Samsung_brand_listing_page()&amp#27;[0m
    &amp#27;[36mAnd &amp#27;[0m&amp#27;[36mCustomer clicks on a TV from the right side&amp#27;[0m                &amp#27;[90m# TelevisionSteps.customer_clicks_on_a_TV_from_the_right_side()&amp#27;[0m
    &amp#27;[36mAnd &amp#27;[0m&amp#27;[36mCustomer clicks add to cart&amp#27;[0m                                &amp#27;[90m# TelevisionSteps.customer_clicks_add_to_cart()&amp#27;[0m
    &amp#27;[36mThen &amp#27;[0m&amp#27;[36mCustomer lands on warrenty option&amp#27;[0m                         &amp#27;[90m# TelevisionSteps.customer_lands_on_warrenty_option()&amp#27;[0m
    &amp#27;[36mAnd &amp#27;[0m&amp#27;[36mCustomer clicks on add warrenty option&amp#27;[0m                     &amp#27;[90m# TelevisionSteps.customer_clicks_on_add_warrenty_option()&amp#27;[0m
    &amp#27;[36mThen &amp#27;[0m&amp#27;[36mCustomer lands on checkOut Page & see the price&amp#27;[0m           &amp#27;[90m# TelevisionSteps.customer_lands_on_checkOut_Page_see_the_price()&amp#27;[0m
FAIL
]]></system-out>
  </testcase>
</testsuite>